2025-08-19 23:47:00,592 - INFO - Authority - Chiave esistente...
2025-08-19 23:47:01,217 - INFO - Authority - Chiave resituita: <PaillierPublicKey 197e8787c6>
2025-08-20 00:48:36,537 - INFO - Authority - Chiave esistente...
2025-08-20 00:48:37,225 - INFO - Authority - Chiave resituita: <PaillierPublicKey 179819d644>
2025-08-20 00:48:48,091 - INFO - Authority - Creazione chiave...
2025-08-20 00:50:42,021 - INFO - Authority - Chiave esistente...
2025-08-20 00:52:26,011 - INFO - Authority - Chiave esistente...
2025-08-20 00:53:34,164 - INFO - Authority - Creazione chiave...
2025-08-20 00:53:35,105 - INFO - Authority - Chiave resituita: <PaillierPublicKey 232cc65a7e>
2025-08-20 01:07:24,422 - INFO - Authority - VOTAZIONE 65 Creazione chiave...
2025-08-20 01:07:25,379 - INFO - Authority - Chiave resituita: <PaillierPublicKey 3396e69b48>
2025-08-20 01:07:26,835 - INFO - Authority - VOTAZIONE 65 Chiave esistente...
2025-08-20 01:07:27,726 - INFO - Authority - VOTAZIONE 65 Chiave esistente...
2025-08-20 01:07:28,584 - INFO - Authority - VOTAZIONE 65 Chiave esistente...
2025-08-20 01:07:29,508 - INFO - Authority - VOTAZIONE 65 Chiave esistente...
2025-08-20 01:07:30,460 - INFO - Authority - VOTAZIONE 65 Chiave esistente...
2025-08-20 01:07:31,397 - INFO - Authority - VOTAZIONE 65 Chiave esistente...
2025-08-20 01:07:32,287 - INFO - Authority - VOTAZIONE 65 Chiave esistente...
2025-08-20 01:07:33,286 - INFO - Authority - VOTAZIONE 65 Chiave esistente...
2025-08-20 01:07:34,301 - INFO - Authority - VOTAZIONE 65 Chiave esistente...
2025-08-20 01:07:35,286 - INFO - Authority - VOTAZIONE 65 Chiave esistente...
2025-08-20 01:07:36,321 - INFO - Authority - VOTAZIONE 65 Chiave esistente...
2025-08-20 01:14:00,954 - INFO - Authority - VOTAZIONE 66 Creazione chiave...
2025-08-20 01:14:02,070 - INFO - Authority - Chiave resituita: <PaillierPublicKey 15c21562fb>
2025-08-20 01:14:03,517 - INFO - Authority - VOTAZIONE 66 Chiave esistente...
2025-08-20 01:14:04,542 - INFO - Authority - VOTAZIONE 66 Chiave esistente...
2025-08-20 01:14:05,930 - INFO - Authority - VOTAZIONE 66 Chiave esistente...
2025-08-20 01:14:06,790 - INFO - Authority - VOTAZIONE 66 Chiave esistente...
2025-08-20 01:14:07,724 - INFO - Authority - VOTAZIONE 66 Chiave esistente...
2025-08-20 01:14:08,586 - INFO - Authority - VOTAZIONE 66 Chiave esistente...
2025-08-20 01:14:09,539 - INFO - Authority - VOTAZIONE 66 Chiave esistente...
2025-08-20 01:14:10,475 - INFO - Authority - VOTAZIONE 66 Chiave esistente...
2025-08-20 01:14:11,443 - INFO - Authority - VOTAZIONE 66 Chiave esistente...
2025-08-20 01:14:12,408 - INFO - Authority - VOTAZIONE 66 Chiave esistente...
2025-08-20 01:14:13,366 - INFO - Authority - VOTAZIONE 66 Chiave esistente...
2025-08-20 01:15:04,052 - INFO - Authority - VOTAZIONE 67 Creazione chiave...
2025-08-20 01:15:05,601 - INFO - Authority - Chiave resituita: <PaillierPublicKey 7d46f764c8>
2025-08-20 01:15:07,040 - INFO - Authority - VOTAZIONE 67 Chiave esistente...
2025-08-20 01:15:07,988 - INFO - Authority - VOTAZIONE 67 Chiave esistente...
2025-08-20 01:15:08,964 - INFO - Authority - VOTAZIONE 67 Chiave esistente...
2025-08-20 01:15:09,977 - INFO - Authority - VOTAZIONE 67 Chiave esistente...
2025-08-20 01:15:10,977 - INFO - Authority - VOTAZIONE 67 Chiave esistente...
2025-08-20 01:15:11,995 - INFO - Authority - VOTAZIONE 67 Chiave esistente...
2025-08-20 01:15:12,973 - INFO - Authority - VOTAZIONE 67 Chiave esistente...
2025-08-20 01:15:13,974 - INFO - Authority - VOTAZIONE 67 Chiave esistente...
2025-08-20 01:15:14,961 - INFO - Authority - VOTAZIONE 67 Chiave esistente...
2025-08-20 01:15:15,993 - INFO - Authority - VOTAZIONE 67 Chiave esistente...
2025-08-20 01:15:17,085 - INFO - Authority - VOTAZIONE 67 Chiave esistente...
2025-08-20 01:19:02,349 - INFO - Authority - VOTAZIONE 68 Creazione chiave...
2025-08-20 01:19:02,629 - INFO - Authority - Chiave resituita: <PaillierPublicKey 1f1fddf213>
2025-08-20 01:19:04,210 - INFO - Authority - VOTAZIONE 68 Chiave esistente...
2025-08-20 01:19:05,178 - INFO - Authority - VOTAZIONE 68 Chiave esistente...
2025-08-20 01:19:06,222 - INFO - Authority - VOTAZIONE 68 Chiave esistente...
2025-08-20 01:19:07,211 - INFO - Authority - VOTAZIONE 68 Chiave esistente...
2025-08-20 01:19:08,599 - INFO - Authority - VOTAZIONE 68 Chiave esistente...
2025-08-20 01:19:09,661 - INFO - Authority - VOTAZIONE 68 Chiave esistente...
2025-08-20 01:19:10,739 - INFO - Authority - VOTAZIONE 68 Chiave esistente...
2025-08-20 01:19:11,678 - INFO - Authority - VOTAZIONE 68 Chiave esistente...
2025-08-20 01:19:12,771 - INFO - Authority - VOTAZIONE 68 Chiave esistente...
2025-08-20 01:19:13,850 - INFO - Authority - VOTAZIONE 68 Chiave esistente...
2025-08-20 01:19:14,916 - INFO - Authority - VOTAZIONE 68 Chiave esistente...
2025-08-20 01:23:33,741 - INFO - Authority - VOTAZIONE 69 Creazione chiave...
2025-08-20 01:23:34,432 - INFO - Authority - Chiave resituita: <PaillierPublicKey 19b628cb04>
2025-08-20 01:23:36,054 - INFO - Authority - VOTAZIONE 69 Chiave esistente...
2025-08-20 01:23:37,004 - INFO - Authority - VOTAZIONE 69 Chiave esistente...
2025-08-20 01:23:38,084 - INFO - Authority - VOTAZIONE 69 Chiave esistente...
2025-08-20 01:23:39,186 - INFO - Authority - VOTAZIONE 69 Chiave esistente...
2025-08-20 01:23:40,178 - INFO - Authority - VOTAZIONE 69 Chiave esistente...
2025-08-20 01:23:41,163 - INFO - Authority - VOTAZIONE 69 Chiave esistente...
2025-08-20 01:23:42,288 - INFO - Authority - VOTAZIONE 69 Chiave esistente...
2025-08-20 01:23:43,365 - INFO - Authority - VOTAZIONE 69 Chiave esistente...
2025-08-20 01:23:44,489 - INFO - Authority - VOTAZIONE 69 Chiave esistente...
2025-08-20 01:23:45,583 - INFO - Authority - VOTAZIONE 69 Chiave esistente...
2025-08-20 01:23:46,689 - INFO - Authority - VOTAZIONE 69 Chiave esistente...
2025-08-20 01:33:54,150 - INFO - Authority - VOTAZIONE 70 Creazione chiave...
2025-08-20 01:33:55,415 - INFO - Authority - Chiave resituita: <PaillierPublicKey 1ce32b1b2e>
2025-08-20 01:33:57,056 - INFO - Authority - VOTAZIONE 70 Chiave esistente...
2025-08-20 01:33:58,115 - INFO - Authority - VOTAZIONE 70 Chiave esistente...
2025-08-20 01:33:59,181 - INFO - Authority - VOTAZIONE 70 Chiave esistente...
2025-08-20 01:34:00,194 - INFO - Authority - VOTAZIONE 70 Chiave esistente...
2025-08-20 01:34:01,194 - INFO - Authority - VOTAZIONE 70 Chiave esistente...
2025-08-20 01:34:02,259 - INFO - Authority - VOTAZIONE 70 Chiave esistente...
2025-08-20 01:34:03,414 - INFO - Authority - VOTAZIONE 70 Chiave esistente...
2025-08-20 01:34:04,692 - INFO - Authority - VOTAZIONE 70 Chiave esistente...
2025-08-20 01:34:05,769 - INFO - Authority - VOTAZIONE 70 Chiave esistente...
2025-08-20 01:34:06,912 - INFO - Authority - VOTAZIONE 70 Chiave esistente...
2025-08-20 01:34:08,010 - INFO - Authority - VOTAZIONE 70 Chiave esistente...
2025-08-20 01:48:56,569 - INFO - Authority - VOTAZIONE 71 Creazione chiave...
2025-08-20 01:48:57,819 - INFO - Authority - Chiave resituita: <PaillierPublicKey 1431f88efd>
2025-08-20 01:48:59,258 - INFO - Authority - VOTAZIONE 71 Chiave esistente...
2025-08-20 01:49:00,102 - INFO - Authority - VOTAZIONE 71 Chiave esistente...
2025-08-20 01:49:00,958 - INFO - Authority - VOTAZIONE 71 Chiave esistente...
2025-08-20 01:49:01,803 - INFO - Authority - VOTAZIONE 71 Chiave esistente...
2025-08-20 01:49:02,655 - INFO - Authority - VOTAZIONE 71 Chiave esistente...
2025-08-20 01:49:03,493 - INFO - Authority - VOTAZIONE 71 Chiave esistente...
2025-08-20 01:49:04,569 - INFO - Authority - VOTAZIONE 71 Chiave esistente...
2025-08-20 01:49:05,412 - INFO - Authority - VOTAZIONE 71 Chiave esistente...
2025-08-20 01:49:06,245 - INFO - Authority - VOTAZIONE 71 Chiave esistente...
2025-08-20 01:49:07,100 - INFO - Authority - VOTAZIONE 71 Chiave esistente...
2025-08-20 01:49:08,036 - INFO - Authority - VOTAZIONE 71 Chiave esistente...
2025-08-20 01:49:48,619 - INFO - Authority - VOTAZIONE 72 Creazione chiave...
2025-08-20 01:49:49,235 - INFO - Authority - Chiave resituita: <PaillierPublicKey a9b77ec838>
2025-08-20 01:49:50,554 - INFO - Authority - VOTAZIONE 72 Chiave esistente...
2025-08-20 01:49:51,411 - INFO - Authority - VOTAZIONE 72 Chiave esistente...
2025-08-20 01:49:52,244 - INFO - Authority - VOTAZIONE 72 Chiave esistente...
2025-08-20 01:49:53,099 - INFO - Authority - VOTAZIONE 72 Chiave esistente...
2025-08-20 01:49:53,931 - INFO - Authority - VOTAZIONE 72 Chiave esistente...
2025-08-20 01:49:54,789 - INFO - Authority - VOTAZIONE 72 Chiave esistente...
2025-08-20 01:49:55,632 - INFO - Authority - VOTAZIONE 72 Chiave esistente...
2025-08-20 01:49:56,490 - INFO - Authority - VOTAZIONE 72 Chiave esistente...
2025-08-20 01:49:57,334 - INFO - Authority - VOTAZIONE 72 Chiave esistente...
2025-08-20 01:49:58,176 - INFO - Authority - VOTAZIONE 72 Chiave esistente...
2025-08-20 01:49:59,053 - INFO - Authority - VOTAZIONE 72 Chiave esistente...
2025-08-20 17:22:32,992 - INFO - Authority - VOTAZIONE 73 Creazione chiave...
2025-08-20 17:22:34,346 - INFO - Authority - Chiave resituita: <PaillierPublicKey 283cc55412>
2025-08-20 17:23:15,433 - INFO - Authority - VOTAZIONE 73 Chiave esistente...
2025-08-20 17:23:23,272 - INFO - Authority - VOTAZIONE 73 Chiave esistente...
2025-08-20 17:26:51,620 - INFO - Authority - VOTAZIONE 73 Chiave esistente...
2025-08-20 17:27:13,109 - INFO - Authority - VOTAZIONE 73 Chiave esistente...
2025-08-20 17:37:50,761 - INFO - Authority - VOTAZIONE 73 Chiave esistente...
2025-08-20 17:37:52,607 - INFO - Authority - VOTAZIONE 10 Chiave esistente...
2025-08-20 17:37:55,584 - INFO - Authority - VOTAZIONE 10 Chiave esistente...
2025-08-20 17:38:58,131 - INFO - Authority - VOTAZIONE 73 Chiave esistente...
2025-08-20 17:38:58,158 - INFO - Authority - Chiave resituita: <PaillierPublicKey 283cc55412>
2025-08-20 17:39:01,580 - INFO - Authority - VOTAZIONE 73 Chiave esistente...
2025-08-20 17:39:01,606 - INFO - Authority - Chiave resituita: <PaillierPublicKey 283cc55412>
2025-08-20 17:39:03,537 - INFO - Authority - VOTAZIONE 73 Chiave esistente...
2025-08-20 17:39:03,563 - INFO - Authority - Chiave resituita: <PaillierPublicKey 283cc55412>
2025-08-22 15:39:19,540 - INFO - Authority - VOTAZIONE 74 Creazione chiave...
2025-08-22 15:39:22,411 - INFO - Authority - Chiave resituita: <PaillierPublicKey de1236568c>
2025-08-22 15:39:23,928 - INFO - Authority - VOTAZIONE 74 Chiave esistente...
2025-08-22 15:39:23,954 - INFO - Authority - Chiave resituita: <PaillierPublicKey de1236568c>
2025-08-22 15:39:24,773 - INFO - Authority - VOTAZIONE 74 Chiave esistente...
2025-08-22 15:39:24,799 - INFO - Authority - Chiave resituita: <PaillierPublicKey de1236568c>
2025-08-22 15:39:25,609 - INFO - Authority - VOTAZIONE 74 Chiave esistente...
2025-08-22 15:39:25,634 - INFO - Authority - Chiave resituita: <PaillierPublicKey de1236568c>
2025-08-22 15:39:26,468 - INFO - Authority - VOTAZIONE 74 Chiave esistente...
2025-08-22 15:39:26,494 - INFO - Authority - Chiave resituita: <PaillierPublicKey de1236568c>
2025-08-22 15:39:27,341 - INFO - Authority - VOTAZIONE 74 Chiave esistente...
2025-08-22 15:39:27,366 - INFO - Authority - Chiave resituita: <PaillierPublicKey de1236568c>
2025-08-22 15:39:28,175 - INFO - Authority - VOTAZIONE 74 Chiave esistente...
2025-08-22 15:39:28,201 - INFO - Authority - Chiave resituita: <PaillierPublicKey de1236568c>
2025-08-22 15:39:29,027 - INFO - Authority - VOTAZIONE 74 Chiave esistente...
2025-08-22 15:39:29,053 - INFO - Authority - Chiave resituita: <PaillierPublicKey de1236568c>
2025-08-22 15:39:29,858 - INFO - Authority - VOTAZIONE 74 Chiave esistente...
2025-08-22 15:39:29,885 - INFO - Authority - Chiave resituita: <PaillierPublicKey de1236568c>
2025-08-22 15:39:30,700 - INFO - Authority - VOTAZIONE 74 Chiave esistente...
2025-08-22 15:39:30,726 - INFO - Authority - Chiave resituita: <PaillierPublicKey de1236568c>
2025-08-22 15:39:31,546 - INFO - Authority - VOTAZIONE 74 Chiave esistente...
2025-08-22 15:39:31,572 - INFO - Authority - Chiave resituita: <PaillierPublicKey de1236568c>
2025-08-22 15:45:35,444 - INFO - Authority - VOTAZIONE 75 Creazione chiave...
2025-08-22 15:45:36,116 - INFO - Authority - Chiave resituita: <PaillierPublicKey f383a4e9f2>
2025-08-22 15:45:37,631 - INFO - Authority - VOTAZIONE 75 Chiave esistente...
2025-08-22 15:45:37,672 - INFO - Authority - Chiave resituita: <PaillierPublicKey f383a4e9f2>
2025-08-22 15:45:38,536 - INFO - Authority - VOTAZIONE 75 Chiave esistente...
2025-08-22 15:45:38,562 - INFO - Authority - Chiave resituita: <PaillierPublicKey f383a4e9f2>
2025-08-22 15:45:39,353 - INFO - Authority - VOTAZIONE 75 Chiave esistente...
2025-08-22 15:45:39,378 - INFO - Authority - Chiave resituita: <PaillierPublicKey f383a4e9f2>
2025-08-22 15:45:40,175 - INFO - Authority - VOTAZIONE 75 Chiave esistente...
2025-08-22 15:45:40,201 - INFO - Authority - Chiave resituita: <PaillierPublicKey f383a4e9f2>
2025-08-22 15:45:41,004 - INFO - Authority - VOTAZIONE 75 Chiave esistente...
2025-08-22 15:45:41,031 - INFO - Authority - Chiave resituita: <PaillierPublicKey f383a4e9f2>
2025-08-22 15:45:41,848 - INFO - Authority - VOTAZIONE 75 Chiave esistente...
2025-08-22 15:45:41,875 - INFO - Authority - Chiave resituita: <PaillierPublicKey f383a4e9f2>
2025-08-22 15:45:42,690 - INFO - Authority - VOTAZIONE 75 Chiave esistente...
2025-08-22 15:45:42,716 - INFO - Authority - Chiave resituita: <PaillierPublicKey f383a4e9f2>
2025-08-22 15:45:43,534 - INFO - Authority - VOTAZIONE 75 Chiave esistente...
2025-08-22 15:45:43,561 - INFO - Authority - Chiave resituita: <PaillierPublicKey f383a4e9f2>
2025-08-22 15:45:44,374 - INFO - Authority - VOTAZIONE 75 Chiave esistente...
2025-08-22 15:45:44,400 - INFO - Authority - Chiave resituita: <PaillierPublicKey f383a4e9f2>
2025-08-22 15:45:45,510 - INFO - Authority - VOTAZIONE 75 Chiave esistente...
2025-08-22 15:45:45,536 - INFO - Authority - Chiave resituita: <PaillierPublicKey f383a4e9f2>
2025-08-22 16:11:41,145 - INFO - Authority - VOTAZIONE 76 Creazione chiave...
2025-08-22 16:11:42,324 - INFO - Authority - Chiave resituita: <PaillierPublicKey aa8ec62127>
2025-08-22 16:11:43,658 - INFO - Authority - VOTAZIONE 76 Chiave esistente...
2025-08-22 16:11:43,683 - INFO - Authority - Chiave resituita: <PaillierPublicKey aa8ec62127>
2025-08-22 16:11:44,531 - INFO - Authority - VOTAZIONE 76 Chiave esistente...
2025-08-22 16:11:44,557 - INFO - Authority - Chiave resituita: <PaillierPublicKey aa8ec62127>
2025-08-22 16:11:45,364 - INFO - Authority - VOTAZIONE 76 Chiave esistente...
2025-08-22 16:11:45,390 - INFO - Authority - Chiave resituita: <PaillierPublicKey aa8ec62127>
2025-08-22 16:11:46,189 - INFO - Authority - VOTAZIONE 76 Chiave esistente...
2025-08-22 16:11:46,215 - INFO - Authority - Chiave resituita: <PaillierPublicKey aa8ec62127>
2025-08-22 16:11:47,034 - INFO - Authority - VOTAZIONE 76 Chiave esistente...
2025-08-22 16:11:47,060 - INFO - Authority - Chiave resituita: <PaillierPublicKey aa8ec62127>
2025-08-22 16:11:47,864 - INFO - Authority - VOTAZIONE 76 Chiave esistente...
2025-08-22 16:11:47,891 - INFO - Authority - Chiave resituita: <PaillierPublicKey aa8ec62127>
2025-08-22 16:11:48,721 - INFO - Authority - VOTAZIONE 76 Chiave esistente...
2025-08-22 16:11:48,747 - INFO - Authority - Chiave resituita: <PaillierPublicKey aa8ec62127>
2025-08-22 16:11:49,541 - INFO - Authority - VOTAZIONE 76 Chiave esistente...
2025-08-22 16:11:49,567 - INFO - Authority - Chiave resituita: <PaillierPublicKey aa8ec62127>
2025-08-22 16:11:50,378 - INFO - Authority - VOTAZIONE 76 Chiave esistente...
2025-08-22 16:11:50,404 - INFO - Authority - Chiave resituita: <PaillierPublicKey aa8ec62127>
2025-08-22 16:11:51,216 - INFO - Authority - VOTAZIONE 76 Chiave esistente...
2025-08-22 16:11:51,242 - INFO - Authority - Chiave resituita: <PaillierPublicKey aa8ec62127>
2025-08-22 16:27:57,194 - INFO - Authority - VOTAZIONE 77 Creazione chiave...
2025-08-22 16:27:58,030 - INFO - Authority - Chiave resituita: <PaillierPublicKey 1df548a7fc>
2025-08-22 16:27:59,354 - INFO - Authority - VOTAZIONE 77 Chiave esistente...
2025-08-22 16:27:59,379 - INFO - Authority - Chiave resituita: <PaillierPublicKey 1df548a7fc>
2025-08-22 16:28:00,204 - INFO - Authority - VOTAZIONE 77 Chiave esistente...
2025-08-22 16:28:00,230 - INFO - Authority - Chiave resituita: <PaillierPublicKey 1df548a7fc>
2025-08-22 16:28:01,051 - INFO - Authority - VOTAZIONE 77 Chiave esistente...
2025-08-22 16:28:01,082 - INFO - Authority - Chiave resituita: <PaillierPublicKey 1df548a7fc>
2025-08-22 16:28:02,267 - INFO - Authority - VOTAZIONE 77 Chiave esistente...
2025-08-22 16:28:02,293 - INFO - Authority - Chiave resituita: <PaillierPublicKey 1df548a7fc>
2025-08-22 16:28:03,115 - INFO - Authority - VOTAZIONE 77 Chiave esistente...
2025-08-22 16:28:03,142 - INFO - Authority - Chiave resituita: <PaillierPublicKey 1df548a7fc>
2025-08-22 16:28:03,935 - INFO - Authority - VOTAZIONE 77 Chiave esistente...
2025-08-22 16:28:03,960 - INFO - Authority - Chiave resituita: <PaillierPublicKey 1df548a7fc>
2025-08-22 16:28:04,744 - INFO - Authority - VOTAZIONE 77 Chiave esistente...
2025-08-22 16:28:04,770 - INFO - Authority - Chiave resituita: <PaillierPublicKey 1df548a7fc>
2025-08-22 16:28:05,558 - INFO - Authority - VOTAZIONE 77 Chiave esistente...
2025-08-22 16:28:05,584 - INFO - Authority - Chiave resituita: <PaillierPublicKey 1df548a7fc>
2025-08-22 16:28:06,408 - INFO - Authority - VOTAZIONE 77 Chiave esistente...
2025-08-22 16:28:06,434 - INFO - Authority - Chiave resituita: <PaillierPublicKey 1df548a7fc>
2025-08-22 16:28:07,233 - INFO - Authority - VOTAZIONE 77 Chiave esistente...
2025-08-22 16:28:07,259 - INFO - Authority - Chiave resituita: <PaillierPublicKey 1df548a7fc>
2025-08-22 17:08:19,916 - INFO - Authority - VOTAZIONE 10 Chiave esistente...
2025-08-22 17:08:19,942 - INFO - Authority - Chiave resituita: <PaillierPublicKey 179819d644>
2025-08-22 17:56:25,157 - INFO - Authority - VOTAZIONE 78 Creazione chiave...
2025-08-22 17:56:26,153 - INFO - Authority - Chiave resituita: <PaillierPublicKey b80e566fa6>
2025-08-22 17:56:27,659 - INFO - Authority - VOTAZIONE 78 Chiave esistente...
2025-08-22 17:56:27,685 - INFO - Authority - Chiave resituita: <PaillierPublicKey b80e566fa6>
2025-08-22 17:56:28,521 - INFO - Authority - VOTAZIONE 78 Chiave esistente...
2025-08-22 17:56:28,549 - INFO - Authority - Chiave resituita: <PaillierPublicKey b80e566fa6>
2025-08-22 17:56:29,382 - INFO - Authority - VOTAZIONE 78 Chiave esistente...
2025-08-22 17:56:29,408 - INFO - Authority - Chiave resituita: <PaillierPublicKey b80e566fa6>
2025-08-22 17:56:30,218 - INFO - Authority - VOTAZIONE 78 Chiave esistente...
2025-08-22 17:56:30,244 - INFO - Authority - Chiave resituita: <PaillierPublicKey b80e566fa6>
2025-08-22 17:56:31,053 - INFO - Authority - VOTAZIONE 78 Chiave esistente...
2025-08-22 17:56:31,079 - INFO - Authority - Chiave resituita: <PaillierPublicKey b80e566fa6>
2025-08-22 17:56:31,897 - INFO - Authority - VOTAZIONE 78 Chiave esistente...
2025-08-22 17:56:31,923 - INFO - Authority - Chiave resituita: <PaillierPublicKey b80e566fa6>
2025-08-22 17:56:32,735 - INFO - Authority - VOTAZIONE 78 Chiave esistente...
2025-08-22 17:56:32,761 - INFO - Authority - Chiave resituita: <PaillierPublicKey b80e566fa6>
2025-08-22 17:56:33,570 - INFO - Authority - VOTAZIONE 78 Chiave esistente...
2025-08-22 17:56:33,596 - INFO - Authority - Chiave resituita: <PaillierPublicKey b80e566fa6>
2025-08-22 17:56:34,404 - INFO - Authority - VOTAZIONE 78 Chiave esistente...
2025-08-22 17:56:34,430 - INFO - Authority - Chiave resituita: <PaillierPublicKey b80e566fa6>
2025-08-22 17:56:35,267 - INFO - Authority - VOTAZIONE 78 Chiave esistente...
2025-08-22 17:56:35,293 - INFO - Authority - Chiave resituita: <PaillierPublicKey b80e566fa6>
2025-08-25 18:04:55,381 - INFO - Authority - VOTAZIONE 42 Creazione chiave...
2025-08-25 18:05:00,290 - INFO - Authority - Chiave resituita: <PaillierPublicKey 148b45a493>
2025-08-27 18:14:13,327 - INFO - Authority - VOTAZIONE 82 Creazione chiave...
2025-08-27 18:14:15,765 - INFO - Authority - Chiave resituita: <PaillierPublicKey 49c8d2c112>
2025-08-27 18:14:17,327 - INFO - Authority - VOTAZIONE 82 Chiave esistente...
2025-08-27 18:14:17,353 - INFO - Authority - Chiave resituita: <PaillierPublicKey 49c8d2c112>
2025-08-27 18:14:18,318 - INFO - Authority - VOTAZIONE 82 Chiave esistente...
2025-08-27 18:14:18,344 - INFO - Authority - Chiave resituita: <PaillierPublicKey 49c8d2c112>
2025-08-27 18:14:19,310 - INFO - Authority - VOTAZIONE 82 Chiave esistente...
2025-08-27 18:14:19,338 - INFO - Authority - Chiave resituita: <PaillierPublicKey 49c8d2c112>
2025-08-27 18:14:20,311 - INFO - Authority - VOTAZIONE 82 Chiave esistente...
2025-08-27 18:14:20,337 - INFO - Authority - Chiave resituita: <PaillierPublicKey 49c8d2c112>
2025-08-27 18:14:21,303 - INFO - Authority - VOTAZIONE 82 Chiave esistente...
2025-08-27 18:14:21,329 - INFO - Authority - Chiave resituita: <PaillierPublicKey 49c8d2c112>
2025-08-27 18:14:22,369 - INFO - Authority - VOTAZIONE 82 Chiave esistente...
2025-08-27 18:14:22,395 - INFO - Authority - Chiave resituita: <PaillierPublicKey 49c8d2c112>
2025-08-27 18:14:23,334 - INFO - Authority - VOTAZIONE 82 Chiave esistente...
2025-08-27 18:14:23,360 - INFO - Authority - Chiave resituita: <PaillierPublicKey 49c8d2c112>
2025-08-27 18:14:24,288 - INFO - Authority - VOTAZIONE 82 Chiave esistente...
2025-08-27 18:14:24,314 - INFO - Authority - Chiave resituita: <PaillierPublicKey 49c8d2c112>
2025-08-27 18:14:25,313 - INFO - Authority - VOTAZIONE 82 Chiave esistente...
2025-08-27 18:14:25,339 - INFO - Authority - Chiave resituita: <PaillierPublicKey 49c8d2c112>
2025-08-27 18:14:26,335 - INFO - Authority - VOTAZIONE 82 Chiave esistente...
2025-08-27 18:14:26,361 - INFO - Authority - Chiave resituita: <PaillierPublicKey 49c8d2c112>
2025-08-27 18:32:54,996 - INFO - Authority - VOTAZIONE 83 Creazione chiave...
2025-08-27 18:32:56,092 - INFO - Authority - Chiave resituita: <PaillierPublicKey 1e2c2c7edc>
2025-08-27 18:32:57,573 - INFO - Authority - VOTAZIONE 83 Chiave esistente...
2025-08-27 18:32:57,606 - INFO - Authority - Chiave resituita: <PaillierPublicKey 1e2c2c7edc>
2025-08-27 18:32:58,509 - INFO - Authority - VOTAZIONE 83 Chiave esistente...
2025-08-27 18:32:58,542 - INFO - Authority - Chiave resituita: <PaillierPublicKey 1e2c2c7edc>
2025-08-27 18:32:59,453 - INFO - Authority - VOTAZIONE 83 Chiave esistente...
2025-08-27 18:32:59,495 - INFO - Authority - Chiave resituita: <PaillierPublicKey 1e2c2c7edc>
2025-08-27 18:33:00,388 - INFO - Authority - VOTAZIONE 83 Chiave esistente...
2025-08-27 18:33:00,416 - INFO - Authority - Chiave resituita: <PaillierPublicKey 1e2c2c7edc>
2025-08-27 18:33:01,327 - INFO - Authority - VOTAZIONE 83 Chiave esistente...
2025-08-27 18:33:01,352 - INFO - Authority - Chiave resituita: <PaillierPublicKey 1e2c2c7edc>
2025-08-27 18:33:02,321 - INFO - Authority - VOTAZIONE 83 Chiave esistente...
2025-08-27 18:33:02,346 - INFO - Authority - Chiave resituita: <PaillierPublicKey 1e2c2c7edc>
2025-08-27 18:33:03,360 - INFO - Authority - VOTAZIONE 83 Chiave esistente...
2025-08-27 18:33:03,386 - INFO - Authority - Chiave resituita: <PaillierPublicKey 1e2c2c7edc>
2025-08-27 18:33:04,398 - INFO - Authority - VOTAZIONE 83 Chiave esistente...
2025-08-27 18:33:04,424 - INFO - Authority - Chiave resituita: <PaillierPublicKey 1e2c2c7edc>
2025-08-27 18:33:05,350 - INFO - Authority - VOTAZIONE 83 Chiave esistente...
2025-08-27 18:33:05,392 - INFO - Authority - Chiave resituita: <PaillierPublicKey 1e2c2c7edc>
2025-08-27 18:33:06,299 - INFO - Authority - VOTAZIONE 83 Chiave esistente...
2025-08-27 18:33:06,325 - INFO - Authority - Chiave resituita: <PaillierPublicKey 1e2c2c7edc>
2025-08-27 18:35:28,928 - INFO - Authority - VOTAZIONE 84 Creazione chiave...
2025-08-27 18:35:30,788 - INFO - Authority - Chiave resituita: <PaillierPublicKey 9da0e56cbf>
2025-08-27 18:35:32,653 - INFO - Authority - VOTAZIONE 84 Chiave esistente...
2025-08-27 18:35:32,681 - INFO - Authority - Chiave resituita: <PaillierPublicKey 9da0e56cbf>
2025-08-27 18:35:33,581 - INFO - Authority - VOTAZIONE 84 Chiave esistente...
2025-08-27 18:35:33,606 - INFO - Authority - Chiave resituita: <PaillierPublicKey 9da0e56cbf>
2025-08-27 18:35:34,648 - INFO - Authority - VOTAZIONE 84 Chiave esistente...
2025-08-27 18:35:34,674 - INFO - Authority - Chiave resituita: <PaillierPublicKey 9da0e56cbf>
2025-08-27 18:35:35,624 - INFO - Authority - VOTAZIONE 84 Chiave esistente...
2025-08-27 18:35:35,649 - INFO - Authority - Chiave resituita: <PaillierPublicKey 9da0e56cbf>
2025-08-27 18:35:36,655 - INFO - Authority - VOTAZIONE 84 Chiave esistente...
2025-08-27 18:35:36,680 - INFO - Authority - Chiave resituita: <PaillierPublicKey 9da0e56cbf>
2025-08-27 18:35:37,603 - INFO - Authority - VOTAZIONE 84 Chiave esistente...
2025-08-27 18:35:37,650 - INFO - Authority - Chiave resituita: <PaillierPublicKey 9da0e56cbf>
2025-08-27 18:35:38,571 - INFO - Authority - VOTAZIONE 84 Chiave esistente...
2025-08-27 18:35:38,596 - INFO - Authority - Chiave resituita: <PaillierPublicKey 9da0e56cbf>
2025-08-27 18:35:39,597 - INFO - Authority - VOTAZIONE 84 Chiave esistente...
2025-08-27 18:35:39,622 - INFO - Authority - Chiave resituita: <PaillierPublicKey 9da0e56cbf>
2025-08-27 18:35:40,526 - INFO - Authority - VOTAZIONE 84 Chiave esistente...
2025-08-27 18:35:40,553 - INFO - Authority - Chiave resituita: <PaillierPublicKey 9da0e56cbf>
2025-08-27 18:35:41,446 - INFO - Authority - VOTAZIONE 84 Chiave esistente...
2025-08-27 18:35:41,471 - INFO - Authority - Chiave resituita: <PaillierPublicKey 9da0e56cbf>
2025-08-27 18:43:11,575 - INFO - Authority - VOTAZIONE 85 Creazione chiave...
2025-08-27 18:43:12,536 - INFO - Authority - Chiave resituita: <PaillierPublicKey f6ef82ea4b>
2025-08-27 18:43:14,142 - INFO - Authority - VOTAZIONE 85 Chiave esistente...
2025-08-27 18:43:14,174 - INFO - Authority - Chiave resituita: <PaillierPublicKey f6ef82ea4b>
2025-08-27 18:43:15,154 - INFO - Authority - VOTAZIONE 85 Chiave esistente...
2025-08-27 18:43:15,179 - INFO - Authority - Chiave resituita: <PaillierPublicKey f6ef82ea4b>
2025-08-27 18:43:16,385 - INFO - Authority - VOTAZIONE 85 Chiave esistente...
2025-08-27 18:43:16,411 - INFO - Authority - Chiave resituita: <PaillierPublicKey f6ef82ea4b>
2025-08-27 18:43:17,510 - INFO - Authority - VOTAZIONE 85 Chiave esistente...
2025-08-27 18:43:17,536 - INFO - Authority - Chiave resituita: <PaillierPublicKey f6ef82ea4b>
2025-08-27 18:43:18,654 - INFO - Authority - VOTAZIONE 85 Chiave esistente...
2025-08-27 18:43:18,687 - INFO - Authority - Chiave resituita: <PaillierPublicKey f6ef82ea4b>
2025-08-27 18:43:19,719 - INFO - Authority - VOTAZIONE 85 Chiave esistente...
2025-08-27 18:43:19,756 - INFO - Authority - Chiave resituita: <PaillierPublicKey f6ef82ea4b>
2025-08-27 18:43:20,670 - INFO - Authority - VOTAZIONE 85 Chiave esistente...
2025-08-27 18:43:20,707 - INFO - Authority - Chiave resituita: <PaillierPublicKey f6ef82ea4b>
2025-08-27 18:43:21,667 - INFO - Authority - VOTAZIONE 85 Chiave esistente...
2025-08-27 18:43:21,700 - INFO - Authority - Chiave resituita: <PaillierPublicKey f6ef82ea4b>
2025-08-27 18:43:22,713 - INFO - Authority - VOTAZIONE 85 Chiave esistente...
2025-08-27 18:43:22,748 - INFO - Authority - Chiave resituita: <PaillierPublicKey f6ef82ea4b>
2025-08-27 18:43:23,694 - INFO - Authority - VOTAZIONE 85 Chiave esistente...
2025-08-27 18:43:23,726 - INFO - Authority - Chiave resituita: <PaillierPublicKey f6ef82ea4b>
2025-08-27 18:44:38,424 - INFO - Authority - VOTAZIONE 86 Creazione chiave...
2025-08-27 18:44:41,544 - INFO - Authority - Chiave resituita: <PaillierPublicKey 1b9665931e>
2025-08-27 18:44:43,079 - INFO - Authority - VOTAZIONE 86 Chiave esistente...
2025-08-27 18:44:43,137 - INFO - Authority - Chiave resituita: <PaillierPublicKey 1b9665931e>
2025-08-27 18:44:44,045 - INFO - Authority - VOTAZIONE 86 Chiave esistente...
2025-08-27 18:44:44,091 - INFO - Authority - Chiave resituita: <PaillierPublicKey 1b9665931e>
2025-08-27 18:44:45,026 - INFO - Authority - VOTAZIONE 86 Chiave esistente...
2025-08-27 18:44:45,073 - INFO - Authority - Chiave resituita: <PaillierPublicKey 1b9665931e>
2025-08-27 18:44:46,004 - INFO - Authority - VOTAZIONE 86 Chiave esistente...
2025-08-27 18:44:46,054 - INFO - Authority - Chiave resituita: <PaillierPublicKey 1b9665931e>
2025-08-27 18:44:47,030 - INFO - Authority - VOTAZIONE 86 Chiave esistente...
2025-08-27 18:44:47,073 - INFO - Authority - Chiave resituita: <PaillierPublicKey 1b9665931e>
2025-08-27 18:44:47,951 - INFO - Authority - VOTAZIONE 86 Chiave esistente...
2025-08-27 18:44:47,992 - INFO - Authority - Chiave resituita: <PaillierPublicKey 1b9665931e>
2025-08-27 18:44:48,927 - INFO - Authority - VOTAZIONE 86 Chiave esistente...
2025-08-27 18:44:48,964 - INFO - Authority - Chiave resituita: <PaillierPublicKey 1b9665931e>
2025-08-27 18:44:49,913 - INFO - Authority - VOTAZIONE 86 Chiave esistente...
2025-08-27 18:44:49,950 - INFO - Authority - Chiave resituita: <PaillierPublicKey 1b9665931e>
2025-08-27 18:44:50,874 - INFO - Authority - VOTAZIONE 86 Chiave esistente...
2025-08-27 18:44:50,936 - INFO - Authority - Chiave resituita: <PaillierPublicKey 1b9665931e>
2025-08-27 18:44:51,872 - INFO - Authority - VOTAZIONE 86 Chiave esistente...
2025-08-27 18:44:51,920 - INFO - Authority - Chiave resituita: <PaillierPublicKey 1b9665931e>
2025-08-27 19:16:54,980 - INFO - Authority - VOTAZIONE 87 Creazione chiave...
2025-08-27 19:16:55,736 - INFO - Authority - Chiave resituita: <PaillierPublicKey 12cfe8bbbd>
2025-08-27 19:17:02,883 - INFO - Authority - VOTAZIONE 87 Chiave esistente...
2025-08-27 19:17:02,909 - INFO - Authority - Chiave resituita: <PaillierPublicKey 12cfe8bbbd>
